[04/Mar/2016 19:51:03] "GET /mortgage/ HTTP/1.1" 200 27874
[04/Mar/2016 19:51:03] "GET /static/resources/css/axure_rp_page.css HTTP/1.1" 304 0
[04/Mar/2016 19:51:03] "GET /static/resources/scripts/jquery-1.7.1.min.js HTTP/1.1" 304 0
[04/Mar/2016 19:51:03] "GET /static/resources/scripts/jquery-ui-1.8.10.custom.min.js HTTP/1.1" 304 0
[04/Mar/2016 19:51:03] "GET /static/data/styles.css HTTP/1.1" 304 0
[04/Mar/2016 19:51:03] "GET /static/resources/scripts/axure/axQuery.js HTTP/1.1" 304 0
[04/Mar/2016 19:51:03] "GET /static/files/home/styles.css HTTP/1.1" 304 0
[04/Mar/2016 19:51:03] "GET /static/resources/scripts/axutils.js HTTP/1.1" 304 0
[04/Mar/2016 19:51:03] "GET /static/resources/scripts/axure/annotation.js HTTP/1.1" 304 0
[04/Mar/2016 19:51:03] "GET /static/resources/scripts/axure/globals.js HTTP/1.1" 304 0
[04/Mar/2016 19:51:03] "GET /static/resources/scripts/axure/axQuery.std.js HTTP/1.1" 304 0
[04/Mar/2016 19:51:03] "GET /static/resources/scripts/axure/doc.js HTTP/1.1" 304 0
[04/Mar/2016 19:51:03] "GET /static/resources/scripts/messagecenter.js HTTP/1.1" 304 0
[04/Mar/2016 19:51:03] "GET /static/data/document.js HTTP/1.1" 304 0
[04/Mar/2016 19:51:03] "GET /static/resources/scripts/axure/events.js HTTP/1.1" 304 0
[04/Mar/2016 19:51:03] "GET /static/resources/scripts/axure/action.js HTTP/1.1" 304 0
[04/Mar/2016 19:51:03] "GET /static/resources/scripts/axure/geometry.js HTTP/1.1" 304 0
[04/Mar/2016 19:51:03] "GET /static/resources/scripts/axure/expr.js HTTP/1.1" 304 0
[04/Mar/2016 19:51:03] "GET /static/resources/scripts/axure/flyout.js HTTP/1.1" 304 0
[04/Mar/2016 19:51:03] "GET /static/resources/scripts/axure/ie.js HTTP/1.1" 304 0
[04/Mar/2016 19:51:03] "GET /static/resources/scripts/axure/model.js HTTP/1.1" 304 0
[04/Mar/2016 19:51:03] "GET /static/resources/scripts/axure/sto.js HTTP/1.1" 304 0
[04/Mar/2016 19:51:03] "GET /static/resources/scripts/axure/repeater.js HTTP/1.1" 304 0
[04/Mar/2016 19:51:03] "GET /static/resources/scripts/axure/utils.temp.js HTTP/1.1" 304 0
[04/Mar/2016 19:51:03] "GET /static/resources/scripts/axure/variables.js HTTP/1.1" 304 0
[04/Mar/2016 19:51:03] "GET /static/resources/scripts/axure/drag.js HTTP/1.1" 304 0
[04/Mar/2016 19:51:03] "GET /static/resources/scripts/axure/move.js HTTP/1.1" 304 0
[04/Mar/2016 19:51:03] "GET /static/resources/scripts/axure/visibility.js HTTP/1.1" 304 0
[04/Mar/2016 19:51:03] "GET /static/resources/scripts/axure/style.js HTTP/1.1" 304 0
[04/Mar/2016 19:51:03] "GET /static/resources/scripts/axure/adaptive.js HTTP/1.1" 304 0
[04/Mar/2016 19:51:03] "GET /static/resources/scripts/axure/tree.js HTTP/1.1" 304 0
[04/Mar/2016 19:51:03] "GET /static/resources/scripts/axure/init.temp.js HTTP/1.1" 304 0
[04/Mar/2016 19:51:03] "GET /static/files/home/data.js HTTP/1.1" 304 0
[04/Mar/2016 19:51:03] "GET /static/resources/scripts/axure/viewer.js HTTP/1.1" 304 0
[04/Mar/2016 19:51:03] "GET /static/resources/scripts/axure/legacy.js HTTP/1.1" 304 0
[04/Mar/2016 19:51:03] "GET /static/images/home/regen/u0.png HTTP/1.1" 304 0
[04/Mar/2016 19:51:03] "GET /static/resources/images/transparent.gif HTTP/1.1" 304 0
[04/Mar/2016 19:51:03] "GET /static/images/home/regen/u2.png HTTP/1.1" 304 0
[04/Mar/2016 19:51:03] "GET /static/images/home/regen/u12.png HTTP/1.1" 304 0
[04/Mar/2016 19:51:03] "GET /static/images/home/regen/u16.png HTTP/1.1" 304 0
[04/Mar/2016 19:51:03] "GET /static/images/home/regen/u36.png HTTP/1.1" 304 0
[04/Mar/2016 19:51:03] "GET /static/images/home/regen/u18.png HTTP/1.1" 304 0
[04/Mar/2016 19:51:03] "GET /static/images/home/regen/u58.png HTTP/1.1" 304 0
[04/Mar/2016 19:51:03] "GET /static/images/home/regen/u90.png HTTP/1.1" 304 0
[04/Mar/2016 19:51:03] "GET /static/images/home/regen/u100.jpg HTTP/1.1" 304 0
[04/Mar/2016 19:51:03] "GET /static/images/home/regen/u92.jpg HTTP/1.1" 304 0
[04/Mar/2016 19:51:03] "GET /static/images/home/regen/u124.png HTTP/1.1" 304 0
Not Found: /mortgage/images/home/regen/u100.jpg
[04/Mar/2016 19:51:03] "GET /mortgage/images/home/regen/u100.jpg HTTP/1.1" 404 2539
[04/Mar/2016 19:51:10] "GET /mortgage/ HTTP/1.1" 200 27874
[04/Mar/2016 19:51:10] "GET /static/files/home/styles.css HTTP/1.1" 304 0
[04/Mar/2016 19:51:10] "GET /static/data/styles.css HTTP/1.1" 304 0
[04/Mar/2016 19:51:10] "GET /static/resources/css/axure_rp_page.css HTTP/1.1" 304 0
[04/Mar/2016 19:51:10] "GET /static/resources/scripts/axure/axQuery.js HTTP/1.1" 304 0
[04/Mar/2016 19:51:10] "GET /static/resources/scripts/jquery-ui-1.8.10.custom.min.js HTTP/1.1" 304 0
[04/Mar/2016 19:51:10] "GET /static/resources/scripts/jquery-1.7.1.min.js HTTP/1.1" 304 0
[04/Mar/2016 19:51:10] "GET /static/resources/scripts/axure/globals.js HTTP/1.1" 304 0
[04/Mar/2016 19:51:10] "GET /static/resources/scripts/axutils.js HTTP/1.1" 304 0
[04/Mar/2016 19:51:10] "GET /static/resources/scripts/axure/axQuery.std.js HTTP/1.1" 304 0
[04/Mar/2016 19:51:10] "GET /static/resources/scripts/axure/annotation.js HTTP/1.1" 304 0
[04/Mar/2016 19:51:10] "GET /static/resources/scripts/axure/doc.js HTTP/1.1" 304 0
[04/Mar/2016 19:51:10] "GET /static/resources/scripts/messagecenter.js HTTP/1.1" 304 0
[04/Mar/2016 19:51:10] "GET /static/data/document.js HTTP/1.1" 304 0
[04/Mar/2016 19:51:10] "GET /static/resources/scripts/axure/events.js HTTP/1.1" 304 0
[04/Mar/2016 19:51:10] "GET /static/resources/scripts/axure/expr.js HTTP/1.1" 304 0
[04/Mar/2016 19:51:10] "GET /static/resources/scripts/axure/action.js HTTP/1.1" 304 0
[04/Mar/2016 19:51:10] "GET /static/resources/scripts/axure/flyout.js HTTP/1.1" 304 0
[04/Mar/2016 19:51:10] "GET /static/resources/scripts/axure/geometry.js HTTP/1.1" 304 0
[04/Mar/2016 19:51:10] "GET /static/resources/scripts/axure/model.js HTTP/1.1" 304 0
[04/Mar/2016 19:51:10] "GET /static/resources/scripts/axure/ie.js HTTP/1.1" 304 0
[04/Mar/2016 19:51:10] "GET /static/resources/scripts/axure/repeater.js HTTP/1.1" 304 0
[04/Mar/2016 19:51:10] "GET /static/resources/scripts/axure/utils.temp.js HTTP/1.1" 304 0
[04/Mar/2016 19:51:10] "GET /static/resources/scripts/axure/sto.js HTTP/1.1" 304 0
[04/Mar/2016 19:51:10] "GET /static/resources/scripts/axure/drag.js HTTP/1.1" 304 0
[04/Mar/2016 19:51:10] "GET /static/resources/scripts/axure/variables.js HTTP/1.1" 304 0
[04/Mar/2016 19:51:10] "GET /static/resources/scripts/axure/visibility.js HTTP/1.1" 304 0
[04/Mar/2016 19:51:10] "GET /static/resources/scripts/axure/move.js HTTP/1.1" 304 0
[04/Mar/2016 19:51:10] "GET /static/resources/scripts/axure/style.js HTTP/1.1" 304 0
[04/Mar/2016 19:51:10] "GET /static/resources/scripts/axure/adaptive.js HTTP/1.1" 304 0
[04/Mar/2016 19:51:10] "GET /static/resources/scripts/axure/init.temp.js HTTP/1.1" 304 0
[04/Mar/2016 19:51:10] "GET /static/resources/scripts/axure/tree.js HTTP/1.1" 304 0
[04/Mar/2016 19:51:10] "GET /static/files/home/data.js HTTP/1.1" 304 0
[04/Mar/2016 19:51:10] "GET /static/resources/scripts/axure/legacy.js HTTP/1.1" 304 0
[04/Mar/2016 19:51:10] "GET /static/resources/scripts/axure/viewer.js HTTP/1.1" 304 0
[04/Mar/2016 19:51:10] "GET /static/images/home/regen/u0.png HTTP/1.1" 304 0
[04/Mar/2016 19:51:10] "GET /static/resources/images/transparent.gif HTTP/1.1" 304 0
[04/Mar/2016 19:51:10] "GET /static/images/home/regen/u2.png HTTP/1.1" 304 0
[04/Mar/2016 19:51:10] "GET /static/images/home/regen/u12.png HTTP/1.1" 304 0
[04/Mar/2016 19:51:10] "GET /static/images/home/regen/u16.png HTTP/1.1" 304 0
[04/Mar/2016 19:51:10] "GET /static/images/home/regen/u18.png HTTP/1.1" 304 0
[04/Mar/2016 19:51:10] "GET /static/images/home/regen/u36.png HTTP/1.1" 304 0
[04/Mar/2016 19:51:10] "GET /static/images/home/regen/u90.png HTTP/1.1" 304 0
[04/Mar/2016 19:51:10] "GET /static/images/home/regen/u58.png HTTP/1.1" 304 0
[04/Mar/2016 19:51:10] "GET /static/images/home/regen/u100.jpg HTTP/1.1" 304 0
[04/Mar/2016 19:51:10] "GET /static/images/home/regen/u92.jpg HTTP/1.1" 304 0
[04/Mar/2016 19:51:10] "GET /static/images/home/regen/u124.png HTTP/1.1" 304 0
Not Found: /mortgage/images/home/regen/u100.jpg
[04/Mar/2016 19:51:10] "GET /mortgage/images/home/regen/u100.jpg HTTP/1.1" 404 2539
[04/Mar/2016 19:54:35] "GET /mortgage/ HTTP/1.1" 200 27874
[04/Mar/2016 19:54:36] "GET /static/data/styles.css HTTP/1.1" 200 4567
[04/Mar/2016 19:54:36] "GET /static/resources/css/axure_rp_page.css HTTP/1.1" 200 3253
[04/Mar/2016 19:54:36] "GET /static/resources/scripts/axure/axQuery.js HTTP/1.1" 200 13348
[04/Mar/2016 19:54:36] "GET /static/files/home/styles.css HTTP/1.1" 200 29452
[04/Mar/2016 19:54:36] "GET /static/resources/scripts/jquery-ui-1.8.10.custom.min.js HTTP/1.1" 200 72277
[04/Mar/2016 19:54:36] "GET /static/resources/scripts/axure/globals.js HTTP/1.1" 200 156
[04/Mar/2016 19:54:36] "GET /static/resources/scripts/jquery-1.7.1.min.js HTTP/1.1" 200 93868
[04/Mar/2016 19:54:36] "GET /static/resources/scripts/axutils.js HTTP/1.1" 200 8580
[04/Mar/2016 19:54:36] "GET /static/resources/scripts/axure/annotation.js HTTP/1.1" 200 6508
[04/Mar/2016 19:54:36] "GET /static/resources/scripts/axure/axQuery.std.js HTTP/1.1" 200 31570
[04/Mar/2016 19:54:36] "GET /static/resources/scripts/axure/doc.js HTTP/1.1" 200 27599
[04/Mar/2016 19:54:36] "GET /static/data/document.js HTTP/1.1" 200 9746
[04/Mar/2016 19:54:36] "GET /static/resources/scripts/messagecenter.js HTTP/1.1" 200 9194
[04/Mar/2016 19:54:36] "GET /static/resources/scripts/axure/events.js HTTP/1.1" 200 65000
[04/Mar/2016 19:54:36] "GET /static/resources/scripts/axure/action.js HTTP/1.1" 200 39072
[04/Mar/2016 19:54:36] "GET /static/resources/scripts/axure/expr.js HTTP/1.1" 200 19426
[04/Mar/2016 19:54:36] "GET /static/resources/scripts/axure/geometry.js HTTP/1.1" 200 11409
[04/Mar/2016 19:54:36] "GET /static/resources/scripts/axure/flyout.js HTTP/1.1" 200 9519
[04/Mar/2016 19:54:36] "GET /static/resources/scripts/axure/ie.js HTTP/1.1" 200 14265
[04/Mar/2016 19:54:36] "GET /static/resources/scripts/axure/model.js HTTP/1.1" 200 2169
[04/Mar/2016 19:54:36] "GET /static/resources/scripts/axure/sto.js HTTP/1.1" 200 8201
[04/Mar/2016 19:54:36] "GET /static/resources/scripts/axure/utils.temp.js HTTP/1.1" 200 4082
[04/Mar/2016 19:54:36] "GET /static/resources/scripts/axure/variables.js HTTP/1.1" 200 6582
[04/Mar/2016 19:54:37] "GET /static/resources/scripts/axure/repeater.js HTTP/1.1" 200 66220
[04/Mar/2016 19:54:37] "GET /static/resources/scripts/axure/drag.js HTTP/1.1" 200 12657
[04/Mar/2016 19:54:37] "GET /static/resources/scripts/axure/move.js HTTP/1.1" 200 2800
[04/Mar/2016 19:54:37] "GET /static/resources/scripts/axure/visibility.js HTTP/1.1" 200 17613
[04/Mar/2016 19:54:37] "GET /static/resources/scripts/axure/adaptive.js HTTP/1.1" 200 16530
[04/Mar/2016 19:54:37] "GET /static/resources/scripts/axure/style.js HTTP/1.1" 200 41625
[04/Mar/2016 19:54:37] "GET /static/resources/scripts/axure/tree.js HTTP/1.1" 200 7389
[04/Mar/2016 19:54:37] "GET /static/resources/scripts/axure/init.temp.js HTTP/1.1" 200 6935
[04/Mar/2016 19:54:37] "GET /static/files/home/data.js HTTP/1.1" 200 34406
[04/Mar/2016 19:54:37] "GET /static/resources/scripts/axure/legacy.js HTTP/1.1" 200 5628
[04/Mar/2016 19:54:37] "GET /static/resources/scripts/axure/viewer.js HTTP/1.1" 200 2892
[04/Mar/2016 19:54:37] "GET /static/images/home/regen/u2.png HTTP/1.1" 200 4867
[04/Mar/2016 19:54:37] "GET /static/resources/images/transparent.gif HTTP/1.1" 200 43
[04/Mar/2016 19:54:37] "GET /static/images/home/regen/u12.png HTTP/1.1" 200 1564
[04/Mar/2016 19:54:37] "GET /static/images/home/regen/u16.png HTTP/1.1" 200 4230
[04/Mar/2016 19:54:37] "GET /static/images/home/regen/u18.png HTTP/1.1" 200 542
[04/Mar/2016 19:54:37] "GET /static/images/home/regen/u0.png HTTP/1.1" 200 36290
[04/Mar/2016 19:54:37] "GET /static/images/home/regen/u36.png HTTP/1.1" 200 5831
[04/Mar/2016 19:54:37] "GET /static/images/home/regen/u90.png HTTP/1.1" 200 364
[04/Mar/2016 19:54:37] "GET /static/images/home/regen/u92.jpg HTTP/1.1" 200 38007
[04/Mar/2016 19:54:37] "GET /static/images/home/regen/u124.png HTTP/1.1" 200 2586
[04/Mar/2016 19:54:37] "GET /static/images/home/regen/u58.png HTTP/1.1" 200 65320
[04/Mar/2016 19:54:37] "GET /static/images/home/regen/u100.jpg HTTP/1.1" 200 39650
Not Found: /mortgage/images/home/regen/u100.jpg
[04/Mar/2016 19:54:37] "GET /mortgage/images/home/regen/u100.jpg HTTP/1.1" 404 2539
Not Found: /favicon.ico
[04/Mar/2016 19:54:38] "GET /favicon.ico HTTP/1.1" 404 2046
[04/Mar/2016 19:59:47] "GET /mortgage/ HTTP/1.1" 200 27874
[04/Mar/2016 19:59:48] "GET /static/resources/css/axure_rp_page.css HTTP/1.1" 200 3253
[04/Mar/2016 19:59:48] "GET /static/data/styles.css HTTP/1.1" 200 4567
[04/Mar/2016 19:59:48] "GET /static/files/home/styles.css HTTP/1.1" 200 29452
[04/Mar/2016 19:59:48] "GET /static/resources/scripts/jquery-ui-1.8.10.custom.min.js HTTP/1.1" 200 72277
[04/Mar/2016 19:59:48] "GET /static/resources/scripts/axure/annotation.js HTTP/1.1" 200 6508
[04/Mar/2016 19:59:48] "GET /static/resources/scripts/axure/axQuery.js HTTP/1.1" 200 13348
[04/Mar/2016 19:59:48] "GET /static/resources/scripts/axure/globals.js HTTP/1.1" 200 156
[04/Mar/2016 19:59:48] "GET /static/resources/scripts/jquery-1.7.1.min.js HTTP/1.1" 200 93868
[04/Mar/2016 19:59:48] "GET /static/resources/scripts/axure/axQuery.std.js HTTP/1.1" 200 31570
[04/Mar/2016 19:59:48] "GET /static/resources/scripts/axutils.js HTTP/1.1" 200 8580
[04/Mar/2016 19:59:48] "GET /static/resources/scripts/axure/doc.js HTTP/1.1" 200 27599
[04/Mar/2016 19:59:48] "GET /static/data/document.js HTTP/1.1" 200 9746
[04/Mar/2016 19:59:48] "GET /static/resources/scripts/messagecenter.js HTTP/1.1" 200 9194
[04/Mar/2016 19:59:48] "GET /static/resources/scripts/axure/events.js HTTP/1.1" 200 65000
[04/Mar/2016 19:59:48] "GET /static/resources/scripts/axure/expr.js HTTP/1.1" 200 19426
[04/Mar/2016 19:59:48] "GET /static/resources/scripts/axure/geometry.js HTTP/1.1" 200 11409
[04/Mar/2016 19:59:48] "GET /static/resources/scripts/axure/ie.js HTTP/1.1" 200 14265
[04/Mar/2016 19:59:48] "GET /static/resources/scripts/axure/action.js HTTP/1.1" 200 39072
[04/Mar/2016 19:59:48] "GET /static/resources/scripts/axure/model.js HTTP/1.1" 200 2169
[04/Mar/2016 19:59:48] "GET /static/resources/scripts/axure/flyout.js HTTP/1.1" 200 9519
[04/Mar/2016 19:59:48] "GET /static/resources/scripts/axure/sto.js HTTP/1.1" 200 8201
[04/Mar/2016 19:59:48] "GET /static/resources/scripts/axure/variables.js HTTP/1.1" 200 6582
[04/Mar/2016 19:59:48] "GET /static/resources/scripts/axure/utils.temp.js HTTP/1.1" 200 4082
[04/Mar/2016 19:59:48] "GET /static/resources/scripts/axure/repeater.js HTTP/1.1" 200 66220
[04/Mar/2016 19:59:48] "GET /static/resources/scripts/axure/drag.js HTTP/1.1" 200 12657
[04/Mar/2016 19:59:48] "GET /static/resources/scripts/axure/move.js HTTP/1.1" 200 2800
[04/Mar/2016 19:59:48] "GET /static/resources/scripts/axure/visibility.js HTTP/1.1" 200 17613
[04/Mar/2016 19:59:48] "GET /static/resources/scripts/axure/style.js HTTP/1.1" 200 41625
[04/Mar/2016 19:59:48] "GET /static/resources/scripts/axure/adaptive.js HTTP/1.1" 200 16530
[04/Mar/2016 19:59:48] "GET /static/resources/scripts/axure/tree.js HTTP/1.1" 200 7389
[04/Mar/2016 19:59:48] "GET /static/resources/scripts/axure/init.temp.js HTTP/1.1" 200 6935
[04/Mar/2016 19:59:48] "GET /static/resources/scripts/axure/legacy.js HTTP/1.1" 200 5628
[04/Mar/2016 19:59:48] "GET /static/resources/scripts/axure/viewer.js HTTP/1.1" 200 2892
[04/Mar/2016 19:59:48] "GET /static/files/home/data.js HTTP/1.1" 200 34406
[04/Mar/2016 19:59:48] "GET /static/images/home/regen/u0.png HTTP/1.1" 200 36290
[04/Mar/2016 19:59:48] "GET /static/images/home/regen/u2.png HTTP/1.1" 200 4867
[04/Mar/2016 19:59:48] "GET /static/resources/images/transparent.gif HTTP/1.1" 200 43
[04/Mar/2016 19:59:48] "GET /static/images/home/regen/u12.png HTTP/1.1" 200 1564
[04/Mar/2016 19:59:48] "GET /static/images/home/regen/u16.png HTTP/1.1" 200 4230
[04/Mar/2016 19:59:48] "GET /static/images/home/regen/u18.png HTTP/1.1" 200 542
[04/Mar/2016 19:59:48] "GET /static/images/home/regen/u36.png HTTP/1.1" 200 5831
[04/Mar/2016 19:59:48] "GET /static/images/home/regen/u90.png HTTP/1.1" 200 364
[04/Mar/2016 19:59:48] "GET /static/images/home/regen/u124.png HTTP/1.1" 200 2586
[04/Mar/2016 19:59:48] "GET /static/images/home/regen/u92.jpg HTTP/1.1" 200 38007
[04/Mar/2016 19:59:48] "GET /static/images/home/regen/u100.jpg HTTP/1.1" 200 39650
[04/Mar/2016 19:59:48] "GET /static/images/home/regen/u58.png HTTP/1.1" 200 65320
Not Found: /mortgage/images/home/regen/u100.jpg
[04/Mar/2016 19:59:48] "GET /mortgage/images/home/regen/u100.jpg HTTP/1.1" 404 2539
Not Found: /favicon.ico
[04/Mar/2016 19:59:48] "GET /favicon.ico HTTP/1.1" 404 2046
[04/Mar/2016 20:25:50] "GET /mortgage/ HTTP/1.1" 200 27874
[04/Mar/2016 20:25:50] "GET /static/resources/css/axure_rp_page.css HTTP/1.1" 200 3253
[04/Mar/2016 20:25:50] "GET /static/data/styles.css HTTP/1.1" 200 4567
[04/Mar/2016 20:25:50] "GET /static/files/home/styles.css HTTP/1.1" 200 29452
[04/Mar/2016 20:25:50] "GET /static/resources/scripts/jquery-1.7.1.min.js HTTP/1.1" 200 93868
[04/Mar/2016 20:25:50] "GET /static/resources/scripts/axure/axQuery.js HTTP/1.1" 200 13348
[04/Mar/2016 20:25:50] "GET /static/resources/scripts/axutils.js HTTP/1.1" 200 8580
[04/Mar/2016 20:25:50] "GET /static/resources/scripts/axure/globals.js HTTP/1.1" 200 156
[04/Mar/2016 20:25:50] "GET /static/resources/scripts/jquery-ui-1.8.10.custom.min.js HTTP/1.1" 200 72277
[04/Mar/2016 20:25:50] "GET /static/resources/scripts/axure/annotation.js HTTP/1.1" 200 6508
[04/Mar/2016 20:25:51] "GET /static/resources/scripts/axure/axQuery.std.js HTTP/1.1" 200 31570
[04/Mar/2016 20:25:51] "GET /static/resources/scripts/axure/doc.js HTTP/1.1" 200 27599
[04/Mar/2016 20:25:51] "GET /static/data/document.js HTTP/1.1" 200 9746
[04/Mar/2016 20:25:51] "GET /static/resources/scripts/messagecenter.js HTTP/1.1" 200 9194
[04/Mar/2016 20:25:51] "GET /static/resources/scripts/axure/expr.js HTTP/1.1" 200 19426
[04/Mar/2016 20:25:51] "GET /static/resources/scripts/axure/events.js HTTP/1.1" 200 65000
[04/Mar/2016 20:25:51] "GET /static/resources/scripts/axure/action.js HTTP/1.1" 200 39072
[04/Mar/2016 20:25:51] "GET /static/resources/scripts/axure/geometry.js HTTP/1.1" 200 11409
[04/Mar/2016 20:25:51] "GET /static/resources/scripts/axure/flyout.js HTTP/1.1" 200 9519
[04/Mar/2016 20:25:51] "GET /static/resources/scripts/axure/ie.js HTTP/1.1" 200 14265
[04/Mar/2016 20:25:51] "GET /static/resources/scripts/axure/model.js HTTP/1.1" 200 2169
[04/Mar/2016 20:25:51] "GET /static/resources/scripts/axure/sto.js HTTP/1.1" 200 8201
[04/Mar/2016 20:25:51] "GET /static/resources/scripts/axure/repeater.js HTTP/1.1" 200 66220
[04/Mar/2016 20:25:51] "GET /static/resources/scripts/axure/utils.temp.js HTTP/1.1" 200 4082
[04/Mar/2016 20:25:51] "GET /static/resources/scripts/axure/move.js HTTP/1.1" 200 2800
[04/Mar/2016 20:25:51] "GET /static/resources/scripts/axure/drag.js HTTP/1.1" 200 12657
[04/Mar/2016 20:25:51] "GET /static/resources/scripts/axure/variables.js HTTP/1.1" 200 6582
[04/Mar/2016 20:25:51] "GET /static/resources/scripts/axure/visibility.js HTTP/1.1" 200 17613
[04/Mar/2016 20:25:51] "GET /static/resources/scripts/axure/adaptive.js HTTP/1.1" 200 16530
[04/Mar/2016 20:25:51] "GET /static/resources/scripts/axure/style.js HTTP/1.1" 200 41625
[04/Mar/2016 20:25:51] "GET /static/resources/scripts/axure/init.temp.js HTTP/1.1" 200 6935
[04/Mar/2016 20:25:51] "GET /static/resources/scripts/axure/tree.js HTTP/1.1" 200 7389
[04/Mar/2016 20:25:51] "GET /static/resources/scripts/axure/legacy.js HTTP/1.1" 200 5628
[04/Mar/2016 20:25:51] "GET /static/files/home/data.js HTTP/1.1" 200 34406
[04/Mar/2016 20:25:51] "GET /static/resources/scripts/axure/viewer.js HTTP/1.1" 200 2892
[04/Mar/2016 20:25:51] "GET /static/images/home/regen/u0.png HTTP/1.1" 200 36290
[04/Mar/2016 20:25:51] "GET /static/images/home/regen/u2.png HTTP/1.1" 200 4867
[04/Mar/2016 20:25:51] "GET /static/resources/images/transparent.gif HTTP/1.1" 200 43
[04/Mar/2016 20:25:51] "GET /static/images/home/regen/u12.png HTTP/1.1" 200 1564
[04/Mar/2016 20:25:51] "GET /static/images/home/regen/u16.png HTTP/1.1" 200 4230
[04/Mar/2016 20:25:51] "GET /static/images/home/regen/u18.png HTTP/1.1" 200 542
[04/Mar/2016 20:25:51] "GET /static/images/home/regen/u36.png HTTP/1.1" 200 5831
[04/Mar/2016 20:25:51] "GET /static/images/home/regen/u90.png HTTP/1.1" 200 364
[04/Mar/2016 20:25:51] "GET /static/images/home/regen/u124.png HTTP/1.1" 200 2586
[04/Mar/2016 20:25:51] "GET /static/images/home/regen/u58.png HTTP/1.1" 200 65320
[04/Mar/2016 20:25:51] "GET /static/images/home/regen/u100.jpg HTTP/1.1" 200 39650
[04/Mar/2016 20:25:51] "GET /static/images/home/regen/u92.jpg HTTP/1.1" 200 38007
Not Found: /mortgage/images/home/regen/u100.jpg
[04/Mar/2016 20:25:52] "GET /mortgage/images/home/regen/u100.jpg HTTP/1.1" 404 2539
Not Found: /favicon.ico
[04/Mar/2016 20:25:52] "GET /favicon.ico HTTP/1.1" 404 2046
[05/Mar/2016 19:30:19] "GET /mortgage/ HTTP/1.1" 200 27874
[05/Mar/2016 19:30:19] "GET /static/resources/css/axure_rp_page.css HTTP/1.1" 304 0
[05/Mar/2016 19:30:19] "GET /static/data/styles.css HTTP/1.1" 304 0
[05/Mar/2016 19:30:19] "GET /static/files/home/styles.css HTTP/1.1" 304 0
[05/Mar/2016 19:30:19] "GET /static/resources/scripts/jquery-1.7.1.min.js HTTP/1.1" 304 0
[05/Mar/2016 19:30:19] "GET /static/resources/scripts/axure/globals.js HTTP/1.1" 304 0
[05/Mar/2016 19:30:19] "GET /static/resources/scripts/axure/axQuery.js HTTP/1.1" 304 0
[05/Mar/2016 19:30:19] "GET /static/resources/scripts/jquery-ui-1.8.10.custom.min.js HTTP/1.1" 304 0
[05/Mar/2016 19:30:19] "GET /static/resources/scripts/axutils.js HTTP/1.1" 304 0
[05/Mar/2016 19:30:19] "GET /static/resources/scripts/axure/annotation.js HTTP/1.1" 304 0
[05/Mar/2016 19:30:19] "GET /static/resources/scripts/axure/axQuery.std.js HTTP/1.1" 304 0
[05/Mar/2016 19:30:19] "GET /static/data/document.js HTTP/1.1" 304 0
[05/Mar/2016 19:30:19] "GET /static/resources/scripts/axure/doc.js HTTP/1.1" 304 0
[05/Mar/2016 19:30:19] "GET /static/resources/scripts/messagecenter.js HTTP/1.1" 304 0
[05/Mar/2016 19:30:19] "GET /static/resources/scripts/axure/events.js HTTP/1.1" 304 0
[05/Mar/2016 19:30:19] "GET /static/resources/scripts/axure/expr.js HTTP/1.1" 304 0
[05/Mar/2016 19:30:19] "GET /static/resources/scripts/axure/action.js HTTP/1.1" 304 0
[05/Mar/2016 19:30:19] "GET /static/resources/scripts/axure/flyout.js HTTP/1.1" 304 0
[05/Mar/2016 19:30:19] "GET /static/resources/scripts/axure/geometry.js HTTP/1.1" 304 0
[05/Mar/2016 19:30:19] "GET /static/resources/scripts/axure/model.js HTTP/1.1" 304 0
[05/Mar/2016 19:30:19] "GET /static/resources/scripts/axure/ie.js HTTP/1.1" 304 0
[05/Mar/2016 19:30:20] "GET /static/resources/scripts/axure/repeater.js HTTP/1.1" 304 0
[05/Mar/2016 19:30:20] "GET /static/resources/scripts/axure/sto.js HTTP/1.1" 304 0
[05/Mar/2016 19:30:20] "GET /static/resources/scripts/axure/utils.temp.js HTTP/1.1" 304 0
[05/Mar/2016 19:30:20] "GET /static/resources/scripts/axure/variables.js HTTP/1.1" 304 0
[05/Mar/2016 19:30:20] "GET /static/resources/scripts/axure/drag.js HTTP/1.1" 304 0
[05/Mar/2016 19:30:20] "GET /static/resources/scripts/axure/move.js HTTP/1.1" 304 0
[05/Mar/2016 19:30:20] "GET /static/resources/scripts/axure/style.js HTTP/1.1" 304 0
[05/Mar/2016 19:30:20] "GET /static/resources/scripts/axure/visibility.js HTTP/1.1" 304 0
[05/Mar/2016 19:30:20] "GET /static/resources/scripts/axure/tree.js HTTP/1.1" 304 0
[05/Mar/2016 19:30:20] "GET /static/resources/scripts/axure/adaptive.js HTTP/1.1" 304 0
[05/Mar/2016 19:30:20] "GET /static/files/home/data.js HTTP/1.1" 304 0
[05/Mar/2016 19:30:20] "GET /static/resources/scripts/axure/legacy.js HTTP/1.1" 304 0
[05/Mar/2016 19:30:20] "GET /static/resources/scripts/axure/init.temp.js HTTP/1.1" 304 0
[05/Mar/2016 19:30:20] "GET /static/resources/scripts/axure/viewer.js HTTP/1.1" 304 0
[05/Mar/2016 19:30:20] "GET /static/images/home/regen/u0.png HTTP/1.1" 304 0
[05/Mar/2016 19:30:20] "GET /static/images/home/regen/u2.png HTTP/1.1" 304 0
[05/Mar/2016 19:30:20] "GET /static/resources/images/transparent.gif HTTP/1.1" 304 0
[05/Mar/2016 19:30:20] "GET /static/images/home/regen/u12.png HTTP/1.1" 304 0
[05/Mar/2016 19:30:20] "GET /static/images/home/regen/u16.png HTTP/1.1" 304 0
[05/Mar/2016 19:30:20] "GET /static/images/home/regen/u36.png HTTP/1.1" 304 0
[05/Mar/2016 19:30:20] "GET /static/images/home/regen/u58.png HTTP/1.1" 304 0
[05/Mar/2016 19:30:20] "GET /static/images/home/regen/u90.png HTTP/1.1" 304 0
[05/Mar/2016 19:30:20] "GET /static/images/home/regen/u18.png HTTP/1.1" 304 0
[05/Mar/2016 19:30:20] "GET /static/images/home/regen/u100.jpg HTTP/1.1" 304 0
[05/Mar/2016 19:30:20] "GET /static/images/home/regen/u92.jpg HTTP/1.1" 304 0
Not Found: /mortgage/images/home/regen/u100.jpg
[05/Mar/2016 19:30:20] "GET /static/images/home/regen/u124.png HTTP/1.1" 304 0
[05/Mar/2016 19:30:20] "GET /mortgage/images/home/regen/u100.jpg HTTP/1.1" 404 2539
